<?xml version="1.0" encoding="UTF-8"?>
<coverage generated="1648736571729" clover="3.2.0">
  <project timestamp="1648736571729" name="All files">
    <metrics statements="9" coveredstatements="9" conditionals="10" coveredconditionals="10" methods="4" coveredmethods="4" elements="23" coveredelements="23" complexity="0" loc="9" ncloc="9" packages="2" files="2" classes="2"/>
    <package name="multiplyAll">
      <metrics statements="4" coveredstatements="4" conditionals="4" coveredconditionals="4" methods="2" coveredmethods="2"/>
      <file name="multiplyAll.ts" path="/Users/enygf/Documents/apps/innowise/q/excercises/src/components/algorithm-functions/multiplyAll/multiplyAll.ts">
        <metrics statements="4" coveredstatements="4" conditionals="4" coveredconditionals="4" methods="2" coveredmethods="2"/>
        <line num="1" count="1" type="stmt"/>
        <line num="2" count="10" type="cond" truecount="4" falsecount="0"/>
        <line num="3" count="12" type="stmt"/>
        <line num="5" count="5" type="stmt"/>
      </file>
    </package>
    <package name="uniqueSum">
      <metrics statements="5" coveredstatements="5" conditionals="6" coveredconditionals="6" methods="2" coveredmethods="2"/>
      <file name="uniqueSum.ts" path="/Users/enygf/Documents/apps/innowise/q/excercises/src/components/algorithm-functions/uniqueSum/uniqueSum.ts">
        <metrics statements="5" coveredstatements="5" conditionals="6" coveredconditionals="6" methods="2" coveredmethods="2"/>
        <line num="1" count="1" type="stmt"/>
        <line num="2" count="5" type="cond" truecount="2" falsecount="0"/>
        <line num="8" count="3" type="stmt"/>
        <line num="9" count="4" type="stmt"/>
        <line num="12" count="2" type="stmt"/>
      </file>
    </package>
  </project>
</coverage>
