{"/Users/enygf/Documents/apps/innowise/q/excercises/src/components/algorithm-functions/multiplyAll/multiplyAll.ts": {"path":"/Users/enygf/Documents/apps/innowise/q/excercises/src/components/algorithm-functions/multiplyAll/multiplyAll.ts","statementMap":{"0":{"start":{"line":1,"column":20},"end":{"line":7,"column":1}},"1":{"start":{"line":2,"column":2},"end":{"line":6,"column":3}},"2":{"start":{"line":3,"column":4},"end":{"line":3,"column":50}},"3":{"start":{"line":3,"column":37},"end":{"line":3,"column":48}},"4":{"start":{"line":5,"column":4},"end":{"line":5,"column":16}}},"fnMap":{"0":{"name":"(anonymous_0)","decl":{"start":{"line":1,"column":20},"end":{"line":1,"column":21}},"loc":{"start":{"line":1,"column":60},"end":{"line":7,"column":1}},"line":1},"1":{"name":"(anonymous_1)","decl":{"start":{"line":3,"column":19},"end":{"line":3,"column":20}},"loc":{"start":{"line":3,"column":37},"end":{"line":3,"column":48}},"line":3}},"branchMap":{"0":{"loc":{"start":{"line":2,"column":2},"end":{"line":6,"column":3}},"type":"if","locations":[{"start":{"line":2,"column":2},"end":{"line":6,"column":3}},{"start":{"line":2,"column":2},"end":{"line":6,"column":3}}],"line":2},"1":{"loc":{"start":{"line":2,"column":6},"end":{"line":2,"column":17}},"type":"binary-expr","locations":[{"start":{"line":2,"column":6},"end":{"line":2,"column":9}},{"start":{"line":2,"column":13},"end":{"line":2,"column":17}}],"line":2}},"s":{"0":1,"1":10,"2":5,"3":12,"4":5},"f":{"0":10,"1":12},"b":{"0":[5,5],"1":[10,6]},"_coverageSchema":"43e27e138ebf9cfc5966b082cf9a028302ed4184","hash":"cbd5ce84bd1eb89e0dc61ad6d4410e1b2b8fe098"}
,"/Users/enygf/Documents/apps/innowise/q/excercises/src/components/algorithm-functions/uniqueSum/uniqueSum.ts": {"path":"/Users/enygf/Documents/apps/innowise/q/excercises/src/components/algorithm-functions/uniqueSum/uniqueSum.ts","statementMap":{"0":{"start":{"line":1,"column":18},"end":{"line":14,"column":1}},"1":{"start":{"line":2,"column":2},"end":{"line":13,"column":3}},"2":{"start":{"line":8,"column":4},"end":{"line":10,"column":6}},"3":{"start":{"line":9,"column":49},"end":{"line":9,"column":77}},"4":{"start":{"line":12,"column":4},"end":{"line":12,"column":16}}},"fnMap":{"0":{"name":"(anonymous_0)","decl":{"start":{"line":1,"column":18},"end":{"line":1,"column":19}},"loc":{"start":{"line":1,"column":44},"end":{"line":14,"column":1}},"line":1},"1":{"name":"(anonymous_1)","decl":{"start":{"line":9,"column":6},"end":{"line":9,"column":7}},"loc":{"start":{"line":9,"column":49},"end":{"line":9,"column":77}},"line":9}},"branchMap":{"0":{"loc":{"start":{"line":2,"column":2},"end":{"line":13,"column":3}},"type":"if","locations":[{"start":{"line":2,"column":2},"end":{"line":13,"column":3}},{"start":{"line":2,"column":2},"end":{"line":13,"column":3}}],"line":2},"1":{"loc":{"start":{"line":3,"column":4},"end":{"line":6,"column":23}},"type":"binary-expr","locations":[{"start":{"line":3,"column":4},"end":{"line":3,"column":7}},{"start":{"line":4,"column":4},"end":{"line":4,"column":22}},{"start":{"line":5,"column":4},"end":{"line":5,"column":28}},{"start":{"line":6,"column":4},"end":{"line":6,"column":23}}],"line":3}},"s":{"0":1,"1":5,"2":3,"3":4,"4":2},"f":{"0":5,"1":4},"b":{"0":[3,2],"1":[5,4,3,3]},"_coverageSchema":"43e27e138ebf9cfc5966b082cf9a028302ed4184","hash":"cf087bb6422559e8028d28499384a91fd38c9092"}
}
