{"/Users/enygf/Documents/apps/innowise/q/excercises/src/components/algorithm-functions/multiplyAll/multiplyAll.ts": {"path":"/Users/enygf/Documents/apps/innowise/q/excercises/src/components/algorithm-functions/multiplyAll/multiplyAll.ts","statementMap":{"0":{"start":{"line":1,"column":20},"end":{"line":7,"column":1}},"1":{"start":{"line":2,"column":2},"end":{"line":6,"column":null}},"2":{"start":{"line":3,"column":4},"end":{"line":3,"column":50}},"3":{"start":{"line":3,"column":37},"end":{"line":3,"column":48}},"4":{"start":{"line":5,"column":4},"end":{"line":5,"column":16}},"5":{"start":{"line":10,"column":0},"end":{"line":10,"column":29}}},"fnMap":{"0":{"name":"(anonymous_0)","decl":{"start":{"line":1,"column":20},"end":{"line":1,"column":21}},"loc":{"start":{"line":1,"column":59},"end":{"line":7,"column":1}}},"1":{"name":"(anonymous_1)","decl":{"start":{"line":3,"column":19},"end":{"line":3,"column":20}},"loc":{"start":{"line":3,"column":37},"end":{"line":3,"column":48}}}},"branchMap":{"0":{"loc":{"start":{"line":2,"column":2},"end":{"line":6,"column":null}},"type":"if","locations":[{"start":{"line":2,"column":2},"end":{"line":6,"column":null}},{"start":{"line":4,"column":9},"end":{"line":6,"column":null}}]},"1":{"loc":{"start":{"line":2,"column":6},"end":{"line":2,"column":17}},"type":"binary-expr","locations":[{"start":{"line":2,"column":6},"end":{"line":2,"column":9}},{"start":{"line":2,"column":13},"end":{"line":2,"column":17}}]}},"s":{"0":1,"1":4,"2":3,"3":6,"4":1,"5":1},"f":{"0":4,"1":6},"b":{"0":[3,1],"1":[4,3]}}
}
