TN:
SF:/Users/enygf/Documents/apps/innowise/q/excercises/src/components/algorithm-functions/multiplyAll/multiplyAll.ts
FN:1,(anonymous_0)
FN:3,(anonymous_1)
FNF:2
FNH:2
FNDA:10,(anonymous_0)
FNDA:12,(anonymous_1)
DA:1,1
DA:2,10
DA:3,12
DA:5,5
LF:4
LH:4
BRDA:2,0,0,5
BRDA:2,0,1,5
BRDA:2,1,0,10
BRDA:2,1,1,6
BRF:4
BRH:4
end_of_record
TN:
SF:/Users/enygf/Documents/apps/innowise/q/excercises/src/components/algorithm-functions/uniqueSum/uniqueSum.ts
FN:1,(anonymous_0)
FN:9,(anonymous_1)
FNF:2
FNH:2
FNDA:5,(anonymous_0)
FNDA:4,(anonymous_1)
DA:1,1
DA:2,5
DA:8,3
DA:9,4
DA:12,2
LF:5
LH:5
BRDA:2,0,0,3
BRDA:2,0,1,2
BRDA:3,1,0,5
BRDA:3,1,1,4
BRDA:3,1,2,3
BRDA:3,1,3,3
BRF:6
BRH:6
end_of_record
